\BOOKMARK [1][-]{section*.2}{Contents}{}
\BOOKMARK [1][-]{section.1}{Module moira}{}
\BOOKMARK [2][-]{subsection.1.1}{Functions}{section.1}
\BOOKMARK [2][-]{subsection.1.2}{Variables}{section.1}
\BOOKMARK [2][-]{subsection.1.3}{Class Portfolio}{section.1}
\BOOKMARK [3][-]{subsubsection.1.3.1}{Methods}{subsection.1.3}
\BOOKMARK [2][-]{subsection.1.4}{Class Stock}{section.1}
\BOOKMARK [3][-]{subsubsection.1.4.1}{Methods}{subsection.1.4}
\BOOKMARK [2][-]{subsection.1.5}{Class Trans}{section.1}
\BOOKMARK [3][-]{subsubsection.1.5.1}{Methods}{subsection.1.5}
\BOOKMARK [1][-]{section.2}{Module nukaquant}{}
\BOOKMARK [2][-]{subsection.2.1}{Variables}{section.2}
\BOOKMARK [2][-]{subsection.2.2}{Class Bollinger}{section.2}
\BOOKMARK [3][-]{subsubsection.2.2.1}{Methods}{subsection.2.2}
\BOOKMARK [2][-]{subsection.2.3}{Class LocalExtrema}{section.2}
\BOOKMARK [3][-]{subsubsection.2.3.1}{Methods}{subsection.2.3}
\BOOKMARK [3][-]{subsubsection.2.3.2}{Instance Variables}{subsection.2.3}
\BOOKMARK [2][-]{subsection.2.4}{Class MovingAverage}{section.2}
\BOOKMARK [3][-]{subsubsection.2.4.1}{Methods}{subsection.2.4}
\BOOKMARK [3][-]{subsubsection.2.4.2}{Instance Variables}{subsection.2.4}
\BOOKMARK [2][-]{subsection.2.5}{Class OrderQueue}{section.2}
\BOOKMARK [3][-]{subsubsection.2.5.1}{Methods}{subsection.2.5}
\BOOKMARK [3][-]{subsubsection.2.5.2}{Instance Variables}{subsection.2.5}
\BOOKMARK [1][-]{section*.4}{Index}{}
